<?xml version="1.0" encoding="UTF-8"?>
<!-- Generated by org.testng.reporters.JUnitXMLReporter -->
<testsuite ignored="1" hostname="DESKTOP-HSU04EJ" failures="1" tests="1" name="Default test(failed)" time="0.031" errors="0" timestamp="2023-10-30T15:44:50 IST">
  <testcase classname="testcases.LoginTest" name="loginTestDDT" time="0.0">
    <failure type="java.lang.RuntimeException" message="java.lang.NullPointerException">
      <![CDATA[java.lang.RuntimeException: java.lang.NullPointerException
at java.base/java.util.ArrayList.forEach(ArrayList.java:1511)
Caused by: java.lang.NullPointerException
at java.base/java.io.File.<init>(File.java:278)
at utilities.Utility.readDataFromExcelFile(Utility.java:21)
at testcases.LoginTest.suppyLoginData(LoginTest.java:36)
... 25 more
... Removed 32 stack frames]]>
    </failure>
  </testcase> <!-- loginTestDDT -->
  <testcase classname="testcases.LoginTest" name="loginTest" time="0.0">
    <ignored/>
  </testcase> <!-- loginTest -->
</testsuite> <!-- Default test(failed) -->
