<?xml version="1.0" encoding="UTF-8"?>
<!-- Generated by org.testng.reporters.JUnitXMLReporter -->
<testsuite ignored="0" hostname="DESKTOP-HSU04EJ" failures="0" tests="5" name="Test" time="75.948" errors="0" timestamp="2023-10-30T16:26:37 IST">
  <testcase classname="testcases.LoginTest" name="loginTestDDT" time="0.107"/>
  <testcase classname="testcases.LoginTest" name="loginTestDDT" time="0.086"/>
  <testcase classname="testcases.LoginTest" name="loginTestDDT" time="0.111"/>
  <testcase classname="testcases.LoginTest" name="loginTestDDT" time="0.081"/>
  <testcase classname="testcases.LoginTest" name="loginTest" time="0.105"/>
</testsuite> <!-- Test -->
