<?xml version="1.0" encoding="UTF-8"?>
<testng-results ignored="0" total="1" passed="1" failed="0" skipped="0">
  <reporter-output>
  </reporter-output>
  <suite started-at="2024-04-30T16:10:18 IST" name="Default suite" finished-at="2024-04-30T16:10:36 IST" duration-ms="18360">
    <groups>
    </groups>
    <test started-at="2024-04-30T16:10:18 IST" name="Default test" finished-at="2024-04-30T16:10:36 IST" duration-ms="18360">
      <class name="testcases.LoginTest">
        <test-method is-config="true" signature="setUp()[pri:0, instance:testcases.LoginTest@13e344d]" started-at="2024-04-30T16:10:18 IST" name="setUp" finished-at="2024-04-30T16:10:35 IST" duration-ms="17144" status="PASS">
          <reporter-output>
          </reporter-output>
        </test-method> <!-- setUp -->
        <test-method signature="loginTest()[pri:2, instance:testcases.LoginTest@13e344d]" started-at="2024-04-30T16:10:35 IST" name="loginTest" finished-at="2024-04-30T16:10:36 IST" duration-ms="1177" status="PASS">
          <reporter-output>
          </reporter-output>
        </test-method> <!-- loginTest -->
        <test-method is-config="true" signature="tearDown()[pri:0, instance:testcases.LoginTest@13e344d]" started-at="2024-04-30T16:10:36 IST" name="tearDown" finished-at="2024-04-30T16:10:36 IST" duration-ms="0" status="PASS">
          <reporter-output>
          </reporter-output>
        </test-method> <!-- tearDown -->
      </class> <!-- testcases.LoginTest -->
    </test> <!-- Default test -->
  </suite> <!-- Default suite -->
</testng-results>
